0 info it worked if it ends with ok
1 verbose cli [ '/Users/hilkeheremans/.nvm/versions/node/v4.4.2/bin/node',
1 verbose cli   '/Users/hilkeheremans/.nvm/versions/node/v4.4.2/lib/node_modules/npm/bin/npm-cli.js',
1 verbose cli   'run-script',
1 verbose cli   'test' ]
2 info using npm@3.8.5
3 info using node@v4.4.2
4 verbose run-script [ 'pretest', 'test', 'posttest' ]
5 info lifecycle cqrs-domain@2.2.3~pretest: cqrs-domain@2.2.3
6 silly lifecycle cqrs-domain@2.2.3~pretest: no script for pretest, continuing
7 info lifecycle cqrs-domain@2.2.3~test: cqrs-domain@2.2.3
8 verbose lifecycle cqrs-domain@2.2.3~test: unsafe-perm in lifecycle true
9 verbose lifecycle cqrs-domain@2.2.3~test: PATH: /Users/hilkeheremans/.nvm/versions/node/v4.4.2/lib/node_modules/npm/bin/node-gyp-bin:/Users/hilkeheremans/projects/tsjing/libs/node-cqrs-domain/node_modules/.bin:/Users/hilkeheremans/.nvm/versions/node/v4.4.2/bin:/Users/hilkeheremans/.nvm/versions/node/v4.4.2/bin:/usr/local/bin:/usr/bin:/bin:/usr/sbin:/sbin
10 verbose lifecycle cqrs-domain@2.2.3~test: CWD: /Users/hilkeheremans/projects/tsjing/libs/node-cqrs-domain
11 silly lifecycle cqrs-domain@2.2.3~test: Args: [ '-c', 'mocha test/unit && mocha test/integration' ]
12 silly lifecycle cqrs-domain@2.2.3~test: Returned: code: 21  signal: null
13 info lifecycle cqrs-domain@2.2.3~test: Failed to exec test script
14 verbose stack Error: cqrs-domain@2.2.3 test: `mocha test/unit && mocha test/integration`
14 verbose stack Exit status 21
14 verbose stack     at EventEmitter.<anonymous> (/Users/hilkeheremans/.nvm/versions/node/v4.4.2/lib/node_modules/npm/lib/utils/lifecycle.js:239:16)
14 verbose stack     at emitTwo (events.js:87:13)
14 verbose stack     at EventEmitter.emit (events.js:172:7)
14 verbose stack     at ChildProcess.<anonymous> (/Users/hilkeheremans/.nvm/versions/node/v4.4.2/lib/node_modules/npm/lib/utils/spawn.js:24:14)
14 verbose stack     at emitTwo (events.js:87:13)
14 verbose stack     at ChildProcess.emit (events.js:172:7)
14 verbose stack     at maybeClose (internal/child_process.js:827:16)
14 verbose stack     at Process.ChildProcess._handle.onexit (internal/child_process.js:211:5)
15 verbose pkgid cqrs-domain@2.2.3
16 verbose cwd /Users/hilkeheremans/projects/tsjing/libs/node-cqrs-domain
17 error Darwin 15.4.0
18 error argv "/Users/hilkeheremans/.nvm/versions/node/v4.4.2/bin/node" "/Users/hilkeheremans/.nvm/versions/node/v4.4.2/lib/node_modules/npm/bin/npm-cli.js" "run-script" "test"
19 error node v4.4.2
20 error npm  v3.8.5
21 error code ELIFECYCLE
22 error cqrs-domain@2.2.3 test: `mocha test/unit && mocha test/integration`
22 error Exit status 21
23 error Failed at the cqrs-domain@2.2.3 test script 'mocha test/unit && mocha test/integration'.
23 error Make sure you have the latest version of node.js and npm installed.
23 error If you do, this is most likely a problem with the cqrs-domain package,
23 error not with npm itself.
23 error Tell the author that this fails on your system:
23 error     mocha test/unit && mocha test/integration
23 error You can get information on how to open an issue for this project with:
23 error     npm bugs cqrs-domain
23 error Or if that isn't available, you can get their info via:
23 error     npm owner ls cqrs-domain
23 error There is likely additional logging output above.
24 verbose exit [ 1, true ]
